<component name="libraryTable">
  <library name="junit-4.12">
    <CLASSES>
      <root url="jar://$CLASS$!/" />
    </CLASSES>
    <JAVADOC />
    <SOURCES />
  </library>
</component>